Commandline: apt-get install john
Requested-By: cookie (1000)
Install: john:amd64 (1.8.0-2build1), john-data:amd64 (1.8.0-2build1, automatic)
End-Date: 2020-10-29  09:35:13

Start-Date: 2020-10-29  09:39:37
Commandline: apt-get install ncat
Requested-By: cookie (1000)
Install: ncat:amd64 (7.80+dfsg1-2build1)
End-Date: 2020-10-29  09:39:40
Commandline: apt-get install john
Requested-By: cookie (1000)
Install: john:amd64 (1.8.0-2build1), john-data:amd64 (1.8.0-2build1, automatic)
End-Date: 2020-10-29  09:35:13

Start-Date: 2020-10-29  09:39:37
Commandline: apt-get install ncat
Requested-By: cookie (1000)
Install: ncat:amd64 (7.80+dfsg1-2build1)
End-Date: 2020-10-29  09:39:40
Commandline: apt-get install john
Requested-By: cookie (1000)
Install: john:amd64 (1.8.0-2build1), john-data:amd64 (1.8.0-2build1, automatic)
End-Date: 2020-10-29  09:35:13

Start-Date: 2020-10-29  09:39:37
Commandline: apt-get install ncat
Requested-By: cookie (1000)
Install: ncat:amd64 (7.80+dfsg1-2build1)
End-Date: 2020-10-29  09:39:40
